08/25/2023 01:54:35 PM: INFO: ***********Test_001_Login*************
08/25/2023 01:54:35 PM: INFO: ***********Verifying Home Page Title *************
08/25/2023 01:54:41 PM: INFO: ***********Home Page Title test is passed*************
08/25/2023 01:54:43 PM: INFO: ***********Verifying login Test*************
08/25/2023 01:54:54 PM: INFO: ***********login Test is passed*************
08/25/2023 02:50:06 PM: INFO: ***********Test_001_Login*************
08/25/2023 02:50:06 PM: INFO: ***********Verifying Home Page Title *************
08/25/2023 02:50:12 PM: INFO: ***********Home Page Title test is passed*************
08/25/2023 02:50:16 PM: INFO: ***********Verifying login Test*************
08/25/2023 02:50:25 PM: INFO: ***********login Test is passed*************
08/25/2023 03:03:02 PM: INFO: ***********Test_001_Login*************
08/25/2023 03:03:02 PM: INFO: ***********Verifying Home Page Title *************
08/25/2023 03:03:08 PM: INFO: ***********Home Page Title test is passed*************
08/25/2023 03:03:12 PM: INFO: ***********Verifying login Test*************
08/25/2023 03:03:19 PM: INFO: ***********login Test is passed*************
08/25/2023 03:03:47 PM: INFO: ***********Test_001_Login*************
08/25/2023 03:03:47 PM: INFO: ***********Verifying Home Page Title *************
08/25/2023 03:03:52 PM: INFO: ***********Home Page Title test is passed*************
08/25/2023 03:03:54 PM: INFO: ***********Verifying login Test*************
08/25/2023 03:04:05 PM: INFO: ***********login Test is passed*************
08/25/2023 05:12:55 PM: INFO: ***********Test_001_Login*************
08/25/2023 05:12:55 PM: INFO: ***********Verifying Home Page Title *************
08/25/2023 05:13:00 PM: INFO: ***********Home Page Title test is passed*************
08/25/2023 05:13:02 PM: INFO: ***********Verifying login Test*************
08/25/2023 05:13:13 PM: INFO: ***********login Test is passed*************
